<?xml version="1.0" encoding="UTF-8"?>
<!-- Generated by org.testng.reporters.JUnitReportReporter -->
<testsuite hostname="LAPTOP-JGRSMERP" failures="0" tests="1" name="com.Amazon.Test.AddToCartTest" time="25.008" errors="0" timestamp="2024-02-22T18:02:00 IST" skipped="0">
  <testcase classname="com.Amazon.Test.AddToCartTest" name="AddedToCart" time="25.008"/>
</testsuite> <!-- com.Amazon.Test.AddToCartTest -->
